<?xml version='1.0' encoding='UTF-8' ?>
<testsuite name="com.example.praktychna5.ExampleInstrumentedTest" tests="1" failures="0" errors="0" skipped="0" time="1.061" timestamp="2025-04-08T17:35:01" hostname="localhost">
  <properties>
    <property name="device" value="Medium_Phone_API_36(AVD) - 16" />
    <property name="flavor" value="" />
    <property name="project" value=":app" />
  </properties>
  <testcase name="useAppContext" classname="com.example.praktychna5.ExampleInstrumentedTest" time="0.017" />
</testsuite>